c:\users\of913\onedrive\документы\github\oop\lab\lab\debug\vc142.pdb
c:\users\of913\onedrive\документы\github\oop\lab\lab\debug\vc142.idb
c:\users\of913\onedrive\документы\github\oop\lab\lab\debug\out_container.obj
c:\users\of913\onedrive\документы\github\oop\lab\lab\debug\lab.obj
c:\users\of913\onedrive\документы\github\oop\lab\lab\debug\in_container.obj
c:\users\of913\onedrive\документы\github\oop\lab\lab\debug\in_animal.obj
c:\users\of913\onedrive\документы\github\oop\lab\lab\debug\init_container.obj
c:\users\of913\onedrive\документы\github\oop\lab\lab\debug\fish_out_data.obj
c:\users\of913\onedrive\документы\github\oop\lab\lab\debug\fish_in_data.obj
c:\users\of913\onedrive\документы\github\oop\lab\lab\debug\clear_container.obj
c:\users\of913\onedrive\документы\github\oop\lab\lab\debug\bird_out_data.obj
c:\users\of913\onedrive\документы\github\oop\lab\lab\debug\bird_in_data.obj
c:\users\of913\onedrive\документы\github\oop\lab\debug\lab.ilk
c:\users\of913\onedrive\документы\github\oop\lab\debug\lab.exe
c:\users\of913\onedrive\документы\github\oop\lab\debug\lab.pdb
c:\users\of913\onedrive\документы\github\oop\lab\lab\debug\lab.tlog\cl.command.1.tlog
c:\users\of913\onedrive\документы\github\oop\lab\lab\debug\lab.tlog\cl.read.1.tlog
c:\users\of913\onedrive\документы\github\oop\lab\lab\debug\lab.tlog\cl.write.1.tlog
c:\users\of913\onedrive\документы\github\oop\lab\lab\debug\lab.tlog\link.command.1.tlog
c:\users\of913\onedrive\документы\github\oop\lab\lab\debug\lab.tlog\link.read.1.tlog
c:\users\of913\onedrive\документы\github\oop\lab\lab\debug\lab.tlog\link.write.1.tlog
